{"/home/paul-sandjong/openimis/openimis-fe_js/src/HistoryProvider.js": {"path":"/home/paul-sandjong/openimis/openimis-fe_js/src/HistoryProvider.js","statementMap":{"0":{"start":{"line":5,"column":21},"end":{"line":7,"column":3}},"1":{"start":{"line":8,"column":29},"end":{"line":10,"column":3}},"2":{"start":{"line":12,"column":24},"end":{"line":12,"column":34}},"3":{"start":{"line":13,"column":4},"end":{"line":13,"column":23}},"4":{"start":{"line":16,"column":4},"end":{"line":16,"column":46}}},"fnMap":{"0":{"name":"(anonymous_0)","decl":{"start":{"line":11,"column":2},"end":{"line":11,"column":3}},"loc":{"start":{"line":11,"column":20},"end":{"line":14,"column":3}},"line":11},"1":{"name":"(anonymous_1)","decl":{"start":{"line":15,"column":2},"end":{"line":15,"column":3}},"loc":{"start":{"line":15,"column":11},"end":{"line":17,"column":3}},"line":15}},"branchMap":{},"s":{"0":0,"1":0,"2":0,"3":0,"4":0},"f":{"0":0,"1":0},"b":{}}
,"/home/paul-sandjong/openimis/openimis-fe_js/src/LocalesManager.js": {"path":"/home/paul-sandjong/openimis/openimis-fe_js/src/LocalesManager.js","statementMap":{"0":{"start":{"line":6,"column":4},"end":{"line":6,"column":16}},"1":{"start":{"line":10,"column":4},"end":{"line":10,"column":33}}},"fnMap":{"0":{"name":"(anonymous_0)","decl":{"start":{"line":4,"column":2},"end":{"line":4,"column":3}},"loc":{"start":{"line":4,"column":18},"end":{"line":7,"column":3}},"line":4},"1":{"name":"(anonymous_1)","decl":{"start":{"line":9,"column":2},"end":{"line":9,"column":3}},"loc":{"start":{"line":9,"column":26},"end":{"line":11,"column":3}},"line":9}},"branchMap":{},"s":{"0":0,"1":0},"f":{"0":0,"1":0},"b":{}}
,"/home/paul-sandjong/openimis/openimis-fe_js/src/ModulesManager.js": {"path":"/home/paul-sandjong/openimis/openimis-fe_js/src/ModulesManager.js","statementMap":{"0":{"start":{"line":8,"column":4},"end":{"line":8,"column":19}},"1":{"start":{"line":9,"column":4},"end":{"line":16,"column":5}},"2":{"start":{"line":10,"column":6},"end":{"line":10,"column":38}},"3":{"start":{"line":12,"column":6},"end":{"line":15,"column":8}},"4":{"start":{"line":17,"column":4},"end":{"line":17,"column":33}},"5":{"start":{"line":18,"column":4},"end":{"line":18,"column":51}},"6":{"start":{"line":19,"column":4},"end":{"line":19,"column":43}},"7":{"start":{"line":20,"column":4},"end":{"line":20,"column":49}},"8":{"start":{"line":24,"column":18},"end":{"line":24,"column":20}},"9":{"start":{"line":25,"column":4},"end":{"line":32,"column":5}},"10":{"start":{"line":26,"column":6},"end":{"line":31,"column":7}},"11":{"start":{"line":27,"column":8},"end":{"line":30,"column":9}},"12":{"start":{"line":28,"column":18},"end":{"line":28,"column":41}},"13":{"start":{"line":29,"column":10},"end":{"line":29,"column":51}},"14":{"start":{"line":33,"column":4},"end":{"line":33,"column":17}},"15":{"start":{"line":37,"column":4},"end":{"line":40,"column":11}},"16":{"start":{"line":38,"column":6},"end":{"line":38,"column":26}},"17":{"start":{"line":39,"column":6},"end":{"line":39,"column":18}},"18":{"start":{"line":44,"column":4},"end":{"line":53,"column":11}},"19":{"start":{"line":45,"column":6},"end":{"line":47,"column":7}},"20":{"start":{"line":46,"column":8},"end":{"line":46,"column":73}},"21":{"start":{"line":48,"column":6},"end":{"line":50,"column":7}},"22":{"start":{"line":49,"column":8},"end":{"line":49,"column":71}},"23":{"start":{"line":51,"column":6},"end":{"line":51,"column":31}},"24":{"start":{"line":52,"column":6},"end":{"line":52,"column":17}},"25":{"start":{"line":57,"column":4},"end":{"line":57,"column":23}},"26":{"start":{"line":61,"column":4},"end":{"line":61,"column":78}},"27":{"start":{"line":61,"column":34},"end":{"line":61,"column":76}},"28":{"start":{"line":65,"column":4},"end":{"line":65,"column":62}},"29":{"start":{"line":69,"column":4},"end":{"line":69,"column":31}},"30":{"start":{"line":73,"column":4},"end":{"line":73,"column":34}},"31":{"start":{"line":77,"column":17},"end":{"line":77,"column":33}},"32":{"start":{"line":78,"column":4},"end":{"line":78,"column":48}},"33":{"start":{"line":81,"column":16},"end":{"line":83,"column":4}},"34":{"start":{"line":82,"column":4},"end":{"line":82,"column":111}},"35":{"start":{"line":82,"column":58},"end":{"line":82,"column":105}},"36":{"start":{"line":86,"column":22},"end":{"line":86,"column":44}},"37":{"start":{"line":87,"column":4},"end":{"line":87,"column":72}},"38":{"start":{"line":91,"column":4},"end":{"line":99,"column":11}},"39":{"start":{"line":92,"column":27},"end":{"line":94,"column":7}},"40":{"start":{"line":93,"column":17},"end":{"line":93,"column":69}},"41":{"start":{"line":95,"column":6},"end":{"line":97,"column":9}},"42":{"start":{"line":96,"column":8},"end":{"line":96,"column":54}},"43":{"start":{"line":98,"column":6},"end":{"line":98,"column":25}}},"fnMap":{"0":{"name":"(anonymous_0)","decl":{"start":{"line":7,"column":2},"end":{"line":7,"column":3}},"loc":{"start":{"line":7,"column":19},"end":{"line":21,"column":3}},"line":7},"1":{"name":"(anonymous_1)","decl":{"start":{"line":23,"column":2},"end":{"line":23,"column":3}},"loc":{"start":{"line":23,"column":23},"end":{"line":34,"column":3}},"line":23},"2":{"name":"(anonymous_2)","decl":{"start":{"line":36,"column":2},"end":{"line":36,"column":3}},"loc":{"start":{"line":36,"column":19},"end":{"line":41,"column":3}},"line":36},"3":{"name":"(anonymous_3)","decl":{"start":{"line":37,"column":43},"end":{"line":37,"column":44}},"loc":{"start":{"line":37,"column":56},"end":{"line":40,"column":5}},"line":37},"4":{"name":"(anonymous_4)","decl":{"start":{"line":43,"column":2},"end":{"line":43,"column":3}},"loc":{"start":{"line":43,"column":22},"end":{"line":54,"column":3}},"line":43},"5":{"name":"(anonymous_5)","decl":{"start":{"line":44,"column":46},"end":{"line":44,"column":47}},"loc":{"start":{"line":44,"column":63},"end":{"line":53,"column":5}},"line":44},"6":{"name":"(anonymous_6)","decl":{"start":{"line":56,"column":2},"end":{"line":56,"column":3}},"loc":{"start":{"line":56,"column":23},"end":{"line":58,"column":3}},"line":56},"7":{"name":"(anonymous_7)","decl":{"start":{"line":60,"column":2},"end":{"line":60,"column":3}},"loc":{"start":{"line":60,"column":23},"end":{"line":62,"column":3}},"line":60},"8":{"name":"(anonymous_8)","decl":{"start":{"line":61,"column":24},"end":{"line":61,"column":25}},"loc":{"start":{"line":61,"column":34},"end":{"line":61,"column":76}},"line":61},"9":{"name":"(anonymous_9)","decl":{"start":{"line":64,"column":2},"end":{"line":64,"column":3}},"loc":{"start":{"line":64,"column":25},"end":{"line":66,"column":3}},"line":64},"10":{"name":"(anonymous_10)","decl":{"start":{"line":68,"column":2},"end":{"line":68,"column":3}},"loc":{"start":{"line":68,"column":14},"end":{"line":70,"column":3}},"line":68},"11":{"name":"(anonymous_11)","decl":{"start":{"line":72,"column":2},"end":{"line":72,"column":3}},"loc":{"start":{"line":72,"column":17},"end":{"line":74,"column":3}},"line":72},"12":{"name":"(anonymous_12)","decl":{"start":{"line":76,"column":2},"end":{"line":76,"column":3}},"loc":{"start":{"line":76,"column":21},"end":{"line":79,"column":3}},"line":76},"13":{"name":"(anonymous_13)","decl":{"start":{"line":81,"column":24},"end":{"line":81,"column":25}},"loc":{"start":{"line":81,"column":33},"end":{"line":83,"column":3}},"line":81},"14":{"name":"(anonymous_14)","decl":{"start":{"line":82,"column":31},"end":{"line":82,"column":32}},"loc":{"start":{"line":82,"column":58},"end":{"line":82,"column":105}},"line":82},"15":{"name":"(anonymous_15)","decl":{"start":{"line":85,"column":2},"end":{"line":85,"column":3}},"loc":{"start":{"line":85,"column":44},"end":{"line":88,"column":3}},"line":85},"16":{"name":"(anonymous_16)","decl":{"start":{"line":90,"column":2},"end":{"line":90,"column":3}},"loc":{"start":{"line":90,"column":19},"end":{"line":100,"column":3}},"line":90},"17":{"name":"(anonymous_17)","decl":{"start":{"line":91,"column":31},"end":{"line":91,"column":32}},"loc":{"start":{"line":91,"column":56},"end":{"line":99,"column":5}},"line":91},"18":{"name":"(anonymous_18)","decl":{"start":{"line":93,"column":8},"end":{"line":93,"column":9}},"loc":{"start":{"line":93,"column":17},"end":{"line":93,"column":69}},"line":93},"19":{"name":"(anonymous_19)","decl":{"start":{"line":95,"column":27},"end":{"line":95,"column":28}},"loc":{"start":{"line":95,"column":36},"end":{"line":97,"column":7}},"line":95}},"branchMap":{"0":{"loc":{"start":{"line":26,"column":6},"end":{"line":31,"column":7}},"type":"if","locations":[{"start":{"line":26,"column":6},"end":{"line":31,"column":7}},{"start":{},"end":{}}],"line":26},"1":{"loc":{"start":{"line":45,"column":6},"end":{"line":47,"column":7}},"type":"if","locations":[{"start":{"line":45,"column":6},"end":{"line":47,"column":7}},{"start":{},"end":{}}],"line":45},"2":{"loc":{"start":{"line":48,"column":6},"end":{"line":50,"column":7}},"type":"if","locations":[{"start":{"line":48,"column":6},"end":{"line":50,"column":7}},{"start":{},"end":{}}],"line":48},"3":{"loc":{"start":{"line":61,"column":45},"end":{"line":61,"column":74}},"type":"binary-expr","locations":[{"start":{"line":61,"column":45},"end":{"line":61,"column":67}},{"start":{"line":61,"column":71},"end":{"line":61,"column":74}}],"line":61},"4":{"loc":{"start":{"line":78,"column":11},"end":{"line":78,"column":47}},"type":"cond-expr","locations":[{"start":{"line":78,"column":20},"end":{"line":78,"column":42}},{"start":{"line":78,"column":45},"end":{"line":78,"column":47}}],"line":78},"5":{"loc":{"start":{"line":85,"column":23},"end":{"line":85,"column":42}},"type":"default-arg","locations":[{"start":{"line":85,"column":38},"end":{"line":85,"column":42}}],"line":85},"6":{"loc":{"start":{"line":86,"column":22},"end":{"line":86,"column":44}},"type":"binary-expr","locations":[{"start":{"line":86,"column":22},"end":{"line":86,"column":38}},{"start":{"line":86,"column":42},"end":{"line":86,"column":44}}],"line":86},"7":{"loc":{"start":{"line":87,"column":11},"end":{"line":87,"column":71}},"type":"cond-expr","locations":[{"start":{"line":87,"column":42},"end":{"line":87,"column":56}},{"start":{"line":87,"column":59},"end":{"line":87,"column":71}}],"line":87},"8":{"loc":{"start":{"line":93,"column":17},"end":{"line":93,"column":69}},"type":"binary-expr","locations":[{"start":{"line":93,"column":17},"end":{"line":93,"column":42}},{"start":{"line":93,"column":46},"end":{"line":93,"column":69}}],"line":93}},"s":{"0":0,"1":0,"2":0,"3":0,"4":0,"5":0,"6":0,"7":0,"8":0,"9":0,"10":0,"11":0,"12":0,"13":0,"14":0,"15":0,"16":0,"17":0,"18":0,"19":0,"20":0,"21":0,"22":0,"23":0,"24":0,"25":0,"26":0,"27":0,"28":0,"29":0,"30":0,"31":0,"32":0,"33":0,"34":0,"35":0,"36":0,"37":0,"38":0,"39":0,"40":0,"41":0,"42":0,"43":0},"f":{"0":0,"1":0,"2":0,"3":0,"4":0,"5":0,"6":0,"7":0,"8":0,"9":0,"10":0,"11":0,"12":0,"13":0,"14":0,"15":0,"16":0,"17":0,"18":0,"19":0},"b":{"0":[0,0],"1":[0,0],"2":[0,0],"3":[0,0],"4":[0,0],"5":[0],"6":[0,0],"7":[0,0],"8":[0,0]}}
,"/home/paul-sandjong/openimis/openimis-fe_js/src/ModulesManagerProvider.js": {"path":"/home/paul-sandjong/openimis/openimis-fe_js/src/ModulesManagerProvider.js","statementMap":{"0":{"start":{"line":5,"column":21},"end":{"line":7,"column":3}},"1":{"start":{"line":8,"column":29},"end":{"line":10,"column":3}},"2":{"start":{"line":12,"column":31},"end":{"line":12,"column":41}},"3":{"start":{"line":13,"column":4},"end":{"line":13,"column":30}},"4":{"start":{"line":16,"column":4},"end":{"line":16,"column":46}}},"fnMap":{"0":{"name":"(anonymous_0)","decl":{"start":{"line":11,"column":2},"end":{"line":11,"column":3}},"loc":{"start":{"line":11,"column":20},"end":{"line":14,"column":3}},"line":11},"1":{"name":"(anonymous_1)","decl":{"start":{"line":15,"column":2},"end":{"line":15,"column":3}},"loc":{"start":{"line":15,"column":11},"end":{"line":17,"column":3}},"line":15}},"branchMap":{},"s":{"0":0,"1":0,"2":0,"3":0,"4":0},"f":{"0":0,"1":0},"b":{}}
,"/home/paul-sandjong/openimis/openimis-fe_js/src/locales.js": {"path":"/home/paul-sandjong/openimis/openimis-fe_js/src/locales.js","statementMap":{"0":{"start":{"line":1,"column":23},"end":{"line":1,"column":40}},"1":{"start":{"line":2,"column":31},"end":{"line":2,"column":78}}},"fnMap":{},"branchMap":{},"s":{"0":0,"1":0},"f":{},"b":{}}
,"/home/paul-sandjong/openimis/openimis-fe_js/src/modules.js": {"path":"/home/paul-sandjong/openimis/openimis-fe_js/src/modules.js","statementMap":{"0":{"start":{"line":2,"column":24},"end":{"line":35,"column":1}},"1":{"start":{"line":39,"column":24},"end":{"line":39,"column":26}},"2":{"start":{"line":41,"column":2},"end":{"line":46,"column":3}},"3":{"start":{"line":42,"column":4},"end":{"line":42,"column":86}},"4":{"start":{"line":44,"column":4},"end":{"line":44,"column":127}},"5":{"start":{"line":45,"column":4},"end":{"line":45,"column":25}},"6":{"start":{"line":48,"column":2},"end":{"line":53,"column":3}},"7":{"start":{"line":49,"column":4},"end":{"line":49,"column":104}},"8":{"start":{"line":51,"column":4},"end":{"line":51,"column":133}},"9":{"start":{"line":52,"column":4},"end":{"line":52,"column":25}},"10":{"start":{"line":55,"column":2},"end":{"line":60,"column":3}},"11":{"start":{"line":56,"column":4},"end":{"line":56,"column":124}},"12":{"start":{"line":58,"column":4},"end":{"line":58,"column":140}},"13":{"start":{"line":59,"column":4},"end":{"line":59,"column":25}},"14":{"start":{"line":62,"column":2},"end":{"line":67,"column":3}},"15":{"start":{"line":63,"column":4},"end":{"line":63,"column":127}},"16":{"start":{"line":65,"column":4},"end":{"line":65,"column":141}},"17":{"start":{"line":66,"column":4},"end":{"line":66,"column":25}},"18":{"start":{"line":69,"column":2},"end":{"line":74,"column":3}},"19":{"start":{"line":70,"column":4},"end":{"line":70,"column":86}},"20":{"start":{"line":72,"column":4},"end":{"line":72,"column":127}},"21":{"start":{"line":73,"column":4},"end":{"line":73,"column":25}},"22":{"start":{"line":76,"column":2},"end":{"line":81,"column":3}},"23":{"start":{"line":77,"column":4},"end":{"line":77,"column":98}},"24":{"start":{"line":79,"column":4},"end":{"line":79,"column":131}},"25":{"start":{"line":80,"column":4},"end":{"line":80,"column":25}},"26":{"start":{"line":83,"column":2},"end":{"line":88,"column":3}},"27":{"start":{"line":84,"column":4},"end":{"line":84,"column":95}},"28":{"start":{"line":86,"column":4},"end":{"line":86,"column":130}},"29":{"start":{"line":87,"column":4},"end":{"line":87,"column":25}},"30":{"start":{"line":90,"column":2},"end":{"line":95,"column":3}},"31":{"start":{"line":91,"column":4},"end":{"line":91,"column":95}},"32":{"start":{"line":93,"column":4},"end":{"line":93,"column":130}},"33":{"start":{"line":94,"column":4},"end":{"line":94,"column":25}},"34":{"start":{"line":97,"column":2},"end":{"line":102,"column":3}},"35":{"start":{"line":98,"column":4},"end":{"line":98,"column":124}},"36":{"start":{"line":100,"column":4},"end":{"line":100,"column":140}},"37":{"start":{"line":101,"column":4},"end":{"line":101,"column":25}},"38":{"start":{"line":104,"column":2},"end":{"line":109,"column":3}},"39":{"start":{"line":105,"column":4},"end":{"line":105,"column":95}},"40":{"start":{"line":107,"column":4},"end":{"line":107,"column":130}},"41":{"start":{"line":108,"column":4},"end":{"line":108,"column":25}},"42":{"start":{"line":111,"column":2},"end":{"line":116,"column":3}},"43":{"start":{"line":112,"column":4},"end":{"line":112,"column":92}},"44":{"start":{"line":114,"column":4},"end":{"line":114,"column":129}},"45":{"start":{"line":115,"column":4},"end":{"line":115,"column":25}},"46":{"start":{"line":118,"column":2},"end":{"line":123,"column":3}},"47":{"start":{"line":119,"column":4},"end":{"line":119,"column":89}},"48":{"start":{"line":121,"column":4},"end":{"line":121,"column":128}},"49":{"start":{"line":122,"column":4},"end":{"line":122,"column":25}},"50":{"start":{"line":125,"column":2},"end":{"line":130,"column":3}},"51":{"start":{"line":126,"column":4},"end":{"line":126,"column":110}},"52":{"start":{"line":128,"column":4},"end":{"line":128,"column":135}},"53":{"start":{"line":129,"column":4},"end":{"line":129,"column":25}},"54":{"start":{"line":132,"column":2},"end":{"line":137,"column":3}},"55":{"start":{"line":133,"column":4},"end":{"line":133,"column":95}},"56":{"start":{"line":135,"column":4},"end":{"line":135,"column":130}},"57":{"start":{"line":136,"column":4},"end":{"line":136,"column":25}},"58":{"start":{"line":139,"column":2},"end":{"line":144,"column":3}},"59":{"start":{"line":140,"column":4},"end":{"line":140,"column":89}},"60":{"start":{"line":142,"column":4},"end":{"line":142,"column":128}},"61":{"start":{"line":143,"column":4},"end":{"line":143,"column":25}},"62":{"start":{"line":146,"column":2},"end":{"line":151,"column":3}},"63":{"start":{"line":147,"column":4},"end":{"line":147,"column":106}},"64":{"start":{"line":149,"column":4},"end":{"line":149,"column":134}},"65":{"start":{"line":150,"column":4},"end":{"line":150,"column":25}},"66":{"start":{"line":153,"column":2},"end":{"line":158,"column":3}},"67":{"start":{"line":154,"column":4},"end":{"line":154,"column":89}},"68":{"start":{"line":156,"column":4},"end":{"line":156,"column":128}},"69":{"start":{"line":157,"column":4},"end":{"line":157,"column":25}},"70":{"start":{"line":160,"column":2},"end":{"line":165,"column":3}},"71":{"start":{"line":161,"column":4},"end":{"line":161,"column":89}},"72":{"start":{"line":163,"column":4},"end":{"line":163,"column":128}},"73":{"start":{"line":164,"column":4},"end":{"line":164,"column":25}},"74":{"start":{"line":167,"column":2},"end":{"line":172,"column":3}},"75":{"start":{"line":168,"column":4},"end":{"line":168,"column":95}},"76":{"start":{"line":170,"column":4},"end":{"line":170,"column":130}},"77":{"start":{"line":171,"column":4},"end":{"line":171,"column":25}},"78":{"start":{"line":174,"column":2},"end":{"line":179,"column":3}},"79":{"start":{"line":175,"column":4},"end":{"line":175,"column":107}},"80":{"start":{"line":177,"column":4},"end":{"line":177,"column":134}},"81":{"start":{"line":178,"column":4},"end":{"line":178,"column":25}},"82":{"start":{"line":181,"column":2},"end":{"line":186,"column":3}},"83":{"start":{"line":182,"column":4},"end":{"line":182,"column":110}},"84":{"start":{"line":184,"column":4},"end":{"line":184,"column":135}},"85":{"start":{"line":185,"column":4},"end":{"line":185,"column":25}},"86":{"start":{"line":188,"column":2},"end":{"line":193,"column":3}},"87":{"start":{"line":189,"column":4},"end":{"line":189,"column":124}},"88":{"start":{"line":191,"column":4},"end":{"line":191,"column":140}},"89":{"start":{"line":192,"column":4},"end":{"line":192,"column":25}},"90":{"start":{"line":195,"column":2},"end":{"line":200,"column":3}},"91":{"start":{"line":196,"column":4},"end":{"line":196,"column":112}},"92":{"start":{"line":198,"column":4},"end":{"line":198,"column":136}},"93":{"start":{"line":199,"column":4},"end":{"line":199,"column":25}},"94":{"start":{"line":202,"column":2},"end":{"line":207,"column":3}},"95":{"start":{"line":203,"column":4},"end":{"line":203,"column":98}},"96":{"start":{"line":205,"column":4},"end":{"line":205,"column":131}},"97":{"start":{"line":206,"column":4},"end":{"line":206,"column":25}},"98":{"start":{"line":209,"column":2},"end":{"line":214,"column":3}},"99":{"start":{"line":210,"column":4},"end":{"line":210,"column":121}},"100":{"start":{"line":212,"column":4},"end":{"line":212,"column":139}},"101":{"start":{"line":213,"column":4},"end":{"line":213,"column":25}},"102":{"start":{"line":216,"column":2},"end":{"line":221,"column":3}},"103":{"start":{"line":217,"column":4},"end":{"line":217,"column":95}},"104":{"start":{"line":219,"column":4},"end":{"line":219,"column":130}},"105":{"start":{"line":220,"column":4},"end":{"line":220,"column":25}},"106":{"start":{"line":223,"column":2},"end":{"line":228,"column":3}},"107":{"start":{"line":224,"column":4},"end":{"line":224,"column":153}},"108":{"start":{"line":226,"column":4},"end":{"line":226,"column":150}},"109":{"start":{"line":227,"column":4},"end":{"line":227,"column":25}},"110":{"start":{"line":230,"column":2},"end":{"line":235,"column":3}},"111":{"start":{"line":231,"column":4},"end":{"line":231,"column":106}},"112":{"start":{"line":233,"column":4},"end":{"line":233,"column":134}},"113":{"start":{"line":234,"column":4},"end":{"line":234,"column":25}},"114":{"start":{"line":237,"column":2},"end":{"line":242,"column":3}},"115":{"start":{"line":238,"column":4},"end":{"line":238,"column":115}},"116":{"start":{"line":240,"column":4},"end":{"line":240,"column":137}},"117":{"start":{"line":241,"column":4},"end":{"line":241,"column":25}},"118":{"start":{"line":244,"column":2},"end":{"line":249,"column":3}},"119":{"start":{"line":245,"column":4},"end":{"line":245,"column":113}},"120":{"start":{"line":247,"column":4},"end":{"line":247,"column":136}},"121":{"start":{"line":248,"column":4},"end":{"line":248,"column":25}},"122":{"start":{"line":251,"column":2},"end":{"line":256,"column":3}},"123":{"start":{"line":252,"column":4},"end":{"line":252,"column":95}},"124":{"start":{"line":254,"column":4},"end":{"line":254,"column":130}},"125":{"start":{"line":255,"column":4},"end":{"line":255,"column":25}},"126":{"start":{"line":258,"column":2},"end":{"line":263,"column":3}},"127":{"start":{"line":259,"column":4},"end":{"line":259,"column":101}},"128":{"start":{"line":261,"column":4},"end":{"line":261,"column":132}},"129":{"start":{"line":262,"column":4},"end":{"line":262,"column":25}},"130":{"start":{"line":266,"column":2},"end":{"line":266,"column":23}}},"fnMap":{"0":{"name":"loadModules","decl":{"start":{"line":38,"column":16},"end":{"line":38,"column":27}},"loc":{"start":{"line":38,"column":38},"end":{"line":267,"column":1}},"line":38}},"branchMap":{"0":{"loc":{"start":{"line":38,"column":28},"end":{"line":38,"column":36}},"type":"default-arg","locations":[{"start":{"line":38,"column":34},"end":{"line":38,"column":36}}],"line":38},"1":{"loc":{"start":{"line":42,"column":63},"end":{"line":42,"column":83}},"type":"binary-expr","locations":[{"start":{"line":42,"column":63},"end":{"line":42,"column":77}},{"start":{"line":42,"column":81},"end":{"line":42,"column":83}}],"line":42},"2":{"loc":{"start":{"line":49,"column":75},"end":{"line":49,"column":101}},"type":"binary-expr","locations":[{"start":{"line":49,"column":75},"end":{"line":49,"column":95}},{"start":{"line":49,"column":99},"end":{"line":49,"column":101}}],"line":49},"3":{"loc":{"start":{"line":56,"column":88},"end":{"line":56,"column":121}},"type":"binary-expr","locations":[{"start":{"line":56,"column":88},"end":{"line":56,"column":115}},{"start":{"line":56,"column":119},"end":{"line":56,"column":121}}],"line":56},"4":{"loc":{"start":{"line":63,"column":90},"end":{"line":63,"column":124}},"type":"binary-expr","locations":[{"start":{"line":63,"column":90},"end":{"line":63,"column":118}},{"start":{"line":63,"column":122},"end":{"line":63,"column":124}}],"line":63},"5":{"loc":{"start":{"line":70,"column":63},"end":{"line":70,"column":83}},"type":"binary-expr","locations":[{"start":{"line":70,"column":63},"end":{"line":70,"column":77}},{"start":{"line":70,"column":81},"end":{"line":70,"column":83}}],"line":70},"6":{"loc":{"start":{"line":77,"column":71},"end":{"line":77,"column":95}},"type":"binary-expr","locations":[{"start":{"line":77,"column":71},"end":{"line":77,"column":89}},{"start":{"line":77,"column":93},"end":{"line":77,"column":95}}],"line":77},"7":{"loc":{"start":{"line":84,"column":69},"end":{"line":84,"column":92}},"type":"binary-expr","locations":[{"start":{"line":84,"column":69},"end":{"line":84,"column":86}},{"start":{"line":84,"column":90},"end":{"line":84,"column":92}}],"line":84},"8":{"loc":{"start":{"line":91,"column":69},"end":{"line":91,"column":92}},"type":"binary-expr","locations":[{"start":{"line":91,"column":69},"end":{"line":91,"column":86}},{"start":{"line":91,"column":90},"end":{"line":91,"column":92}}],"line":91},"9":{"loc":{"start":{"line":98,"column":88},"end":{"line":98,"column":121}},"type":"binary-expr","locations":[{"start":{"line":98,"column":88},"end":{"line":98,"column":115}},{"start":{"line":98,"column":119},"end":{"line":98,"column":121}}],"line":98},"10":{"loc":{"start":{"line":105,"column":69},"end":{"line":105,"column":92}},"type":"binary-expr","locations":[{"start":{"line":105,"column":69},"end":{"line":105,"column":86}},{"start":{"line":105,"column":90},"end":{"line":105,"column":92}}],"line":105},"11":{"loc":{"start":{"line":112,"column":67},"end":{"line":112,"column":89}},"type":"binary-expr","locations":[{"start":{"line":112,"column":67},"end":{"line":112,"column":83}},{"start":{"line":112,"column":87},"end":{"line":112,"column":89}}],"line":112},"12":{"loc":{"start":{"line":119,"column":65},"end":{"line":119,"column":86}},"type":"binary-expr","locations":[{"start":{"line":119,"column":65},"end":{"line":119,"column":80}},{"start":{"line":119,"column":84},"end":{"line":119,"column":86}}],"line":119},"13":{"loc":{"start":{"line":126,"column":79},"end":{"line":126,"column":107}},"type":"binary-expr","locations":[{"start":{"line":126,"column":79},"end":{"line":126,"column":101}},{"start":{"line":126,"column":105},"end":{"line":126,"column":107}}],"line":126},"14":{"loc":{"start":{"line":133,"column":69},"end":{"line":133,"column":92}},"type":"binary-expr","locations":[{"start":{"line":133,"column":69},"end":{"line":133,"column":86}},{"start":{"line":133,"column":90},"end":{"line":133,"column":92}}],"line":133},"15":{"loc":{"start":{"line":140,"column":65},"end":{"line":140,"column":86}},"type":"binary-expr","locations":[{"start":{"line":140,"column":65},"end":{"line":140,"column":80}},{"start":{"line":140,"column":84},"end":{"line":140,"column":86}}],"line":140},"16":{"loc":{"start":{"line":147,"column":76},"end":{"line":147,"column":103}},"type":"binary-expr","locations":[{"start":{"line":147,"column":76},"end":{"line":147,"column":97}},{"start":{"line":147,"column":101},"end":{"line":147,"column":103}}],"line":147},"17":{"loc":{"start":{"line":154,"column":65},"end":{"line":154,"column":86}},"type":"binary-expr","locations":[{"start":{"line":154,"column":65},"end":{"line":154,"column":80}},{"start":{"line":154,"column":84},"end":{"line":154,"column":86}}],"line":154},"18":{"loc":{"start":{"line":161,"column":65},"end":{"line":161,"column":86}},"type":"binary-expr","locations":[{"start":{"line":161,"column":65},"end":{"line":161,"column":80}},{"start":{"line":161,"column":84},"end":{"line":161,"column":86}}],"line":161},"19":{"loc":{"start":{"line":168,"column":69},"end":{"line":168,"column":92}},"type":"binary-expr","locations":[{"start":{"line":168,"column":69},"end":{"line":168,"column":86}},{"start":{"line":168,"column":90},"end":{"line":168,"column":92}}],"line":168},"20":{"loc":{"start":{"line":175,"column":77},"end":{"line":175,"column":104}},"type":"binary-expr","locations":[{"start":{"line":175,"column":77},"end":{"line":175,"column":98}},{"start":{"line":175,"column":102},"end":{"line":175,"column":104}}],"line":175},"21":{"loc":{"start":{"line":182,"column":79},"end":{"line":182,"column":107}},"type":"binary-expr","locations":[{"start":{"line":182,"column":79},"end":{"line":182,"column":101}},{"start":{"line":182,"column":105},"end":{"line":182,"column":107}}],"line":182},"22":{"loc":{"start":{"line":189,"column":88},"end":{"line":189,"column":121}},"type":"binary-expr","locations":[{"start":{"line":189,"column":88},"end":{"line":189,"column":115}},{"start":{"line":189,"column":119},"end":{"line":189,"column":121}}],"line":189},"23":{"loc":{"start":{"line":196,"column":80},"end":{"line":196,"column":109}},"type":"binary-expr","locations":[{"start":{"line":196,"column":80},"end":{"line":196,"column":103}},{"start":{"line":196,"column":107},"end":{"line":196,"column":109}}],"line":196},"24":{"loc":{"start":{"line":203,"column":71},"end":{"line":203,"column":95}},"type":"binary-expr","locations":[{"start":{"line":203,"column":71},"end":{"line":203,"column":89}},{"start":{"line":203,"column":93},"end":{"line":203,"column":95}}],"line":203},"25":{"loc":{"start":{"line":210,"column":86},"end":{"line":210,"column":118}},"type":"binary-expr","locations":[{"start":{"line":210,"column":86},"end":{"line":210,"column":112}},{"start":{"line":210,"column":116},"end":{"line":210,"column":118}}],"line":210},"26":{"loc":{"start":{"line":217,"column":69},"end":{"line":217,"column":92}},"type":"binary-expr","locations":[{"start":{"line":217,"column":69},"end":{"line":217,"column":86}},{"start":{"line":217,"column":90},"end":{"line":217,"column":92}}],"line":217},"27":{"loc":{"start":{"line":224,"column":107},"end":{"line":224,"column":150}},"type":"binary-expr","locations":[{"start":{"line":224,"column":107},"end":{"line":224,"column":144}},{"start":{"line":224,"column":148},"end":{"line":224,"column":150}}],"line":224},"28":{"loc":{"start":{"line":231,"column":76},"end":{"line":231,"column":103}},"type":"binary-expr","locations":[{"start":{"line":231,"column":76},"end":{"line":231,"column":97}},{"start":{"line":231,"column":101},"end":{"line":231,"column":103}}],"line":231},"29":{"loc":{"start":{"line":238,"column":82},"end":{"line":238,"column":112}},"type":"binary-expr","locations":[{"start":{"line":238,"column":82},"end":{"line":238,"column":106}},{"start":{"line":238,"column":110},"end":{"line":238,"column":112}}],"line":238},"30":{"loc":{"start":{"line":245,"column":81},"end":{"line":245,"column":110}},"type":"binary-expr","locations":[{"start":{"line":245,"column":81},"end":{"line":245,"column":104}},{"start":{"line":245,"column":108},"end":{"line":245,"column":110}}],"line":245},"31":{"loc":{"start":{"line":252,"column":69},"end":{"line":252,"column":92}},"type":"binary-expr","locations":[{"start":{"line":252,"column":69},"end":{"line":252,"column":86}},{"start":{"line":252,"column":90},"end":{"line":252,"column":92}}],"line":252},"32":{"loc":{"start":{"line":259,"column":73},"end":{"line":259,"column":98}},"type":"binary-expr","locations":[{"start":{"line":259,"column":73},"end":{"line":259,"column":92}},{"start":{"line":259,"column":96},"end":{"line":259,"column":98}}],"line":259}},"s":{"0":0,"1":0,"2":0,"3":0,"4":0,"5":0,"6":0,"7":0,"8":0,"9":0,"10":0,"11":0,"12":0,"13":0,"14":0,"15":0,"16":0,"17":0,"18":0,"19":0,"20":0,"21":0,"22":0,"23":0,"24":0,"25":0,"26":0,"27":0,"28":0,"29":0,"30":0,"31":0,"32":0,"33":0,"34":0,"35":0,"36":0,"37":0,"38":0,"39":0,"40":0,"41":0,"42":0,"43":0,"44":0,"45":0,"46":0,"47":0,"48":0,"49":0,"50":0,"51":0,"52":0,"53":0,"54":0,"55":0,"56":0,"57":0,"58":0,"59":0,"60":0,"61":0,"62":0,"63":0,"64":0,"65":0,"66":0,"67":0,"68":0,"69":0,"70":0,"71":0,"72":0,"73":0,"74":0,"75":0,"76":0,"77":0,"78":0,"79":0,"80":0,"81":0,"82":0,"83":0,"84":0,"85":0,"86":0,"87":0,"88":0,"89":0,"90":0,"91":0,"92":0,"93":0,"94":0,"95":0,"96":0,"97":0,"98":0,"99":0,"100":0,"101":0,"102":0,"103":0,"104":0,"105":0,"106":0,"107":0,"108":0,"109":0,"110":0,"111":0,"112":0,"113":0,"114":0,"115":0,"116":0,"117":0,"118":0,"119":0,"120":0,"121":0,"122":0,"123":0,"124":0,"125":0,"126":0,"127":0,"128":0,"129":0,"130":0},"f":{"0":0},"b":{"0":[0],"1":[0,0],"2":[0,0],"3":[0,0],"4":[0,0],"5":[0,0],"6":[0,0],"7":[0,0],"8":[0,0],"9":[0,0],"10":[0,0],"11":[0,0],"12":[0,0],"13":[0,0],"14":[0,0],"15":[0,0],"16":[0,0],"17":[0,0],"18":[0,0],"19":[0,0],"20":[0,0],"21":[0,0],"22":[0,0],"23":[0,0],"24":[0,0],"25":[0,0],"26":[0,0],"27":[0,0],"28":[0,0],"29":[0,0],"30":[0,0],"31":[0,0],"32":[0,0]}}
,"/home/paul-sandjong/openimis/openimis-fe_js/src/serviceWorker.js": {"path":"/home/paul-sandjong/openimis/openimis-fe_js/src/serviceWorker.js","statementMap":{"0":{"start":{"line":13,"column":20},"end":{"line":19,"column":1}},"1":{"start":{"line":22,"column":2},"end":{"line":52,"column":3}},"2":{"start":{"line":24,"column":22},"end":{"line":24,"column":75}},"3":{"start":{"line":25,"column":4},"end":{"line":30,"column":5}},"4":{"start":{"line":29,"column":6},"end":{"line":29,"column":13}},"5":{"start":{"line":32,"column":4},"end":{"line":51,"column":7}},"6":{"start":{"line":33,"column":20},"end":{"line":33,"column":65}},"7":{"start":{"line":35,"column":6},"end":{"line":50,"column":7}},"8":{"start":{"line":37,"column":8},"end":{"line":37,"column":47}},"9":{"start":{"line":41,"column":8},"end":{"line":46,"column":11}},"10":{"start":{"line":42,"column":10},"end":{"line":45,"column":12}},"11":{"start":{"line":49,"column":8},"end":{"line":49,"column":39}},"12":{"start":{"line":56,"column":2},"end":{"line":96,"column":7}},"13":{"start":{"line":59,"column":6},"end":{"line":92,"column":8}},"14":{"start":{"line":60,"column":33},"end":{"line":60,"column":56}},"15":{"start":{"line":61,"column":8},"end":{"line":63,"column":9}},"16":{"start":{"line":62,"column":10},"end":{"line":62,"column":17}},"17":{"start":{"line":64,"column":8},"end":{"line":91,"column":10}},"18":{"start":{"line":65,"column":10},"end":{"line":90,"column":11}},"19":{"start":{"line":66,"column":12},"end":{"line":89,"column":13}},"20":{"start":{"line":70,"column":14},"end":{"line":73,"column":16}},"21":{"start":{"line":76,"column":14},"end":{"line":78,"column":15}},"22":{"start":{"line":77,"column":16},"end":{"line":77,"column":46}},"23":{"start":{"line":83,"column":14},"end":{"line":83,"column":64}},"24":{"start":{"line":86,"column":14},"end":{"line":88,"column":15}},"25":{"start":{"line":87,"column":16},"end":{"line":87,"column":47}},"26":{"start":{"line":95,"column":6},"end":{"line":95,"column":72}},"27":{"start":{"line":101,"column":2},"end":{"line":119,"column":7}},"28":{"start":{"line":104,"column":26},"end":{"line":104,"column":62}},"29":{"start":{"line":105,"column":6},"end":{"line":115,"column":7}},"30":{"start":{"line":107,"column":8},"end":{"line":111,"column":11}},"31":{"start":{"line":108,"column":10},"end":{"line":110,"column":13}},"32":{"start":{"line":109,"column":12},"end":{"line":109,"column":37}},"33":{"start":{"line":114,"column":8},"end":{"line":114,"column":39}},"34":{"start":{"line":118,"column":6},"end":{"line":118,"column":83}},"35":{"start":{"line":123,"column":2},"end":{"line":127,"column":3}},"36":{"start":{"line":124,"column":4},"end":{"line":126,"column":7}},"37":{"start":{"line":125,"column":6},"end":{"line":125,"column":32}}},"fnMap":{"0":{"name":"register","decl":{"start":{"line":21,"column":16},"end":{"line":21,"column":24}},"loc":{"start":{"line":21,"column":33},"end":{"line":53,"column":1}},"line":21},"1":{"name":"(anonymous_1)","decl":{"start":{"line":32,"column":36},"end":{"line":32,"column":37}},"loc":{"start":{"line":32,"column":42},"end":{"line":51,"column":5}},"line":32},"2":{"name":"(anonymous_2)","decl":{"start":{"line":41,"column":43},"end":{"line":41,"column":44}},"loc":{"start":{"line":41,"column":49},"end":{"line":46,"column":9}},"line":41},"3":{"name":"registerValidSW","decl":{"start":{"line":55,"column":9},"end":{"line":55,"column":24}},"loc":{"start":{"line":55,"column":40},"end":{"line":97,"column":1}},"line":55},"4":{"name":"(anonymous_4)","decl":{"start":{"line":58,"column":10},"end":{"line":58,"column":11}},"loc":{"start":{"line":58,"column":28},"end":{"line":93,"column":5}},"line":58},"5":{"name":"(anonymous_5)","decl":{"start":{"line":59,"column":35},"end":{"line":59,"column":36}},"loc":{"start":{"line":59,"column":41},"end":{"line":92,"column":7}},"line":59},"6":{"name":"(anonymous_6)","decl":{"start":{"line":64,"column":41},"end":{"line":64,"column":42}},"loc":{"start":{"line":64,"column":47},"end":{"line":91,"column":9}},"line":64},"7":{"name":"(anonymous_7)","decl":{"start":{"line":94,"column":11},"end":{"line":94,"column":12}},"loc":{"start":{"line":94,"column":22},"end":{"line":96,"column":5}},"line":94},"8":{"name":"checkValidServiceWorker","decl":{"start":{"line":99,"column":9},"end":{"line":99,"column":32}},"loc":{"start":{"line":99,"column":48},"end":{"line":120,"column":1}},"line":99},"9":{"name":"(anonymous_9)","decl":{"start":{"line":102,"column":10},"end":{"line":102,"column":11}},"loc":{"start":{"line":102,"column":24},"end":{"line":116,"column":5}},"line":102},"10":{"name":"(anonymous_10)","decl":{"start":{"line":107,"column":43},"end":{"line":107,"column":44}},"loc":{"start":{"line":107,"column":61},"end":{"line":111,"column":9}},"line":107},"11":{"name":"(anonymous_11)","decl":{"start":{"line":108,"column":41},"end":{"line":108,"column":42}},"loc":{"start":{"line":108,"column":47},"end":{"line":110,"column":11}},"line":108},"12":{"name":"(anonymous_12)","decl":{"start":{"line":117,"column":11},"end":{"line":117,"column":12}},"loc":{"start":{"line":117,"column":17},"end":{"line":119,"column":5}},"line":117},"13":{"name":"unregister","decl":{"start":{"line":122,"column":16},"end":{"line":122,"column":26}},"loc":{"start":{"line":122,"column":29},"end":{"line":128,"column":1}},"line":122},"14":{"name":"(anonymous_14)","decl":{"start":{"line":124,"column":39},"end":{"line":124,"column":40}},"loc":{"start":{"line":124,"column":57},"end":{"line":126,"column":5}},"line":124}},"branchMap":{"0":{"loc":{"start":{"line":14,"column":2},"end":{"line":18,"column":92}},"type":"binary-expr","locations":[{"start":{"line":14,"column":2},"end":{"line":14,"column":42}},{"start":{"line":16,"column":4},"end":{"line":16,"column":40}},{"start":{"line":18,"column":4},"end":{"line":18,"column":92}}],"line":14},"1":{"loc":{"start":{"line":22,"column":2},"end":{"line":52,"column":3}},"type":"if","locations":[{"start":{"line":22,"column":2},"end":{"line":52,"column":3}},{"start":{},"end":{}}],"line":22},"2":{"loc":{"start":{"line":22,"column":6},"end":{"line":22,"column":75}},"type":"binary-expr","locations":[{"start":{"line":22,"column":6},"end":{"line":22,"column":43}},{"start":{"line":22,"column":47},"end":{"line":22,"column":75}}],"line":22},"3":{"loc":{"start":{"line":25,"column":4},"end":{"line":30,"column":5}},"type":"if","locations":[{"start":{"line":25,"column":4},"end":{"line":30,"column":5}},{"start":{},"end":{}}],"line":25},"4":{"loc":{"start":{"line":35,"column":6},"end":{"line":50,"column":7}},"type":"if","locations":[{"start":{"line":35,"column":6},"end":{"line":50,"column":7}},{"start":{"line":47,"column":13},"end":{"line":50,"column":7}}],"line":35},"5":{"loc":{"start":{"line":61,"column":8},"end":{"line":63,"column":9}},"type":"if","locations":[{"start":{"line":61,"column":8},"end":{"line":63,"column":9}},{"start":{},"end":{}}],"line":61},"6":{"loc":{"start":{"line":65,"column":10},"end":{"line":90,"column":11}},"type":"if","locations":[{"start":{"line":65,"column":10},"end":{"line":90,"column":11}},{"start":{},"end":{}}],"line":65},"7":{"loc":{"start":{"line":66,"column":12},"end":{"line":89,"column":13}},"type":"if","locations":[{"start":{"line":66,"column":12},"end":{"line":89,"column":13}},{"start":{"line":79,"column":19},"end":{"line":89,"column":13}}],"line":66},"8":{"loc":{"start":{"line":76,"column":14},"end":{"line":78,"column":15}},"type":"if","locations":[{"start":{"line":76,"column":14},"end":{"line":78,"column":15}},{"start":{},"end":{}}],"line":76},"9":{"loc":{"start":{"line":76,"column":18},"end":{"line":76,"column":43}},"type":"binary-expr","locations":[{"start":{"line":76,"column":18},"end":{"line":76,"column":24}},{"start":{"line":76,"column":28},"end":{"line":76,"column":43}}],"line":76},"10":{"loc":{"start":{"line":86,"column":14},"end":{"line":88,"column":15}},"type":"if","locations":[{"start":{"line":86,"column":14},"end":{"line":88,"column":15}},{"start":{},"end":{}}],"line":86},"11":{"loc":{"start":{"line":86,"column":18},"end":{"line":86,"column":44}},"type":"binary-expr","locations":[{"start":{"line":86,"column":18},"end":{"line":86,"column":24}},{"start":{"line":86,"column":28},"end":{"line":86,"column":44}}],"line":86},"12":{"loc":{"start":{"line":105,"column":6},"end":{"line":115,"column":7}},"type":"if","locations":[{"start":{"line":105,"column":6},"end":{"line":115,"column":7}},{"start":{"line":112,"column":13},"end":{"line":115,"column":7}}],"line":105},"13":{"loc":{"start":{"line":105,"column":10},"end":{"line":105,"column":102}},"type":"binary-expr","locations":[{"start":{"line":105,"column":10},"end":{"line":105,"column":33}},{"start":{"line":105,"column":38},"end":{"line":105,"column":57}},{"start":{"line":105,"column":61},"end":{"line":105,"column":101}}],"line":105},"14":{"loc":{"start":{"line":123,"column":2},"end":{"line":127,"column":3}},"type":"if","locations":[{"start":{"line":123,"column":2},"end":{"line":127,"column":3}},{"start":{},"end":{}}],"line":123}},"s":{"0":0,"1":0,"2":0,"3":0,"4":0,"5":0,"6":0,"7":0,"8":0,"9":0,"10":0,"11":0,"12":0,"13":0,"14":0,"15":0,"16":0,"17":0,"18":0,"19":0,"20":0,"21":0,"22":0,"23":0,"24":0,"25":0,"26":0,"27":0,"28":0,"29":0,"30":0,"31":0,"32":0,"33":0,"34":0,"35":0,"36":0,"37":0},"f":{"0":0,"1":0,"2":0,"3":0,"4":0,"5":0,"6":0,"7":0,"8":0,"9":0,"10":0,"11":0,"12":0,"13":0,"14":0},"b":{"0":[0,0,0],"1":[0,0],"2":[0,0],"3":[0,0],"4":[0,0],"5":[0,0],"6":[0,0],"7":[0,0],"8":[0,0],"9":[0,0],"10":[0,0],"11":[0,0],"12":[0,0],"13":[0,0,0],"14":[0,0]}}
,"/home/paul-sandjong/openimis/openimis-fe_js/src/setupProxy.js": {"path":"/home/paul-sandjong/openimis/openimis-fe_js/src/setupProxy.js","statementMap":{"0":{"start":{"line":1,"column":34},"end":{"line":1,"column":66}},"1":{"start":{"line":2,"column":20},"end":{"line":2,"column":46}},"2":{"start":{"line":4,"column":0},"end":{"line":33,"column":2}},"3":{"start":{"line":9,"column":22},"end":{"line":9,"column":41}},"4":{"start":{"line":10,"column":2},"end":{"line":32,"column":3}},"5":{"start":{"line":11,"column":4},"end":{"line":31,"column":7}},"6":{"start":{"line":13,"column":19},"end":{"line":13,"column":29}},"7":{"start":{"line":14,"column":21},"end":{"line":14,"column":33}},"8":{"start":{"line":15,"column":22},"end":{"line":15,"column":49}},"9":{"start":{"line":17,"column":6},"end":{"line":30,"column":7}},"10":{"start":{"line":18,"column":8},"end":{"line":28,"column":10}},"11":{"start":{"line":29,"column":8},"end":{"line":29,"column":70}}},"fnMap":{"0":{"name":"(anonymous_0)","decl":{"start":{"line":4,"column":17},"end":{"line":4,"column":18}},"loc":{"start":{"line":4,"column":32},"end":{"line":33,"column":1}},"line":4},"1":{"name":"(anonymous_1)","decl":{"start":{"line":11,"column":40},"end":{"line":11,"column":41}},"loc":{"start":{"line":11,"column":58},"end":{"line":31,"column":5}},"line":11}},"branchMap":{"0":{"loc":{"start":{"line":10,"column":2},"end":{"line":32,"column":3}},"type":"if","locations":[{"start":{"line":10,"column":2},"end":{"line":32,"column":3}},{"start":{},"end":{}}],"line":10},"1":{"loc":{"start":{"line":10,"column":6},"end":{"line":10,"column":52}},"type":"binary-expr","locations":[{"start":{"line":10,"column":6},"end":{"line":10,"column":17}},{"start":{"line":10,"column":21},"end":{"line":10,"column":52}}],"line":10},"2":{"loc":{"start":{"line":15,"column":22},"end":{"line":15,"column":49}},"type":"binary-expr","locations":[{"start":{"line":15,"column":22},"end":{"line":15,"column":35}},{"start":{"line":15,"column":39},"end":{"line":15,"column":49}}],"line":15},"3":{"loc":{"start":{"line":17,"column":6},"end":{"line":30,"column":7}},"type":"if","locations":[{"start":{"line":17,"column":6},"end":{"line":30,"column":7}},{"start":{},"end":{}}],"line":17},"4":{"loc":{"start":{"line":17,"column":10},"end":{"line":17,"column":24}},"type":"binary-expr","locations":[{"start":{"line":17,"column":10},"end":{"line":17,"column":14}},{"start":{"line":17,"column":18},"end":{"line":17,"column":24}}],"line":17}},"s":{"0":0,"1":0,"2":0,"3":0,"4":0,"5":0,"6":0,"7":0,"8":0,"9":0,"10":0,"11":0},"f":{"0":0,"1":0},"b":{"0":[0,0],"1":[0,0],"2":[0,0],"3":[0,0],"4":[0,0]}}
,"/home/paul-sandjong/openimis/openimis-fe_js/src/helpers/localStorage.js": {"path":"/home/paul-sandjong/openimis/openimis-fe_js/src/helpers/localStorage.js","statementMap":{"0":{"start":{"line":1,"column":25},"end":{"line":12,"column":1}},"1":{"start":{"line":2,"column":2},"end":{"line":11,"column":3}},"2":{"start":{"line":3,"column":28},"end":{"line":3,"column":57}},"3":{"start":{"line":4,"column":4},"end":{"line":6,"column":5}},"4":{"start":{"line":5,"column":6},"end":{"line":5,"column":23}},"5":{"start":{"line":8,"column":4},"end":{"line":8,"column":39}},"6":{"start":{"line":10,"column":4},"end":{"line":10,"column":21}},"7":{"start":{"line":14,"column":25},"end":{"line":21,"column":1}},"8":{"start":{"line":15,"column":2},"end":{"line":20,"column":3}},"9":{"start":{"line":16,"column":28},"end":{"line":16,"column":49}},"10":{"start":{"line":17,"column":4},"end":{"line":17,"column":51}},"11":{"start":{"line":19,"column":4},"end":{"line":19,"column":21}}},"fnMap":{"0":{"name":"(anonymous_0)","decl":{"start":{"line":1,"column":25},"end":{"line":1,"column":26}},"loc":{"start":{"line":1,"column":31},"end":{"line":12,"column":1}},"line":1},"1":{"name":"(anonymous_1)","decl":{"start":{"line":14,"column":25},"end":{"line":14,"column":26}},"loc":{"start":{"line":14,"column":36},"end":{"line":21,"column":1}},"line":14}},"branchMap":{"0":{"loc":{"start":{"line":4,"column":4},"end":{"line":6,"column":5}},"type":"if","locations":[{"start":{"line":4,"column":4},"end":{"line":6,"column":5}},{"start":{},"end":{}}],"line":4}},"s":{"0":0,"1":0,"2":0,"3":0,"4":0,"5":0,"6":0,"7":0,"8":0,"9":0,"10":0,"11":0},"f":{"0":0,"1":0},"b":{"0":[0,0]}}
,"/home/paul-sandjong/openimis/openimis-fe_js/src/helpers/logo.js": {"path":"/home/paul-sandjong/openimis/openimis-fe_js/src/helpers/logo.js","statementMap":{"0":{"start":{"line":4,"column":21},"end":{"line":4,"column":53}},"1":{"start":{"line":5,"column":2},"end":{"line":12,"column":3}},"2":{"start":{"line":11,"column":4},"end":{"line":11,"column":22}},"3":{"start":{"line":13,"column":2},"end":{"line":13,"column":21}}},"fnMap":{"0":{"name":"getConfiguredLogo","decl":{"start":{"line":3,"column":24},"end":{"line":3,"column":41}},"loc":{"start":{"line":3,"column":65},"end":{"line":14,"column":1}},"line":3}},"branchMap":{"0":{"loc":{"start":{"line":3,"column":50},"end":{"line":3,"column":63}},"type":"default-arg","locations":[{"start":{"line":3,"column":56},"end":{"line":3,"column":63}}],"line":3},"1":{"loc":{"start":{"line":5,"column":2},"end":{"line":12,"column":3}},"type":"if","locations":[{"start":{"line":5,"column":2},"end":{"line":12,"column":3}},{"start":{},"end":{}}],"line":5},"2":{"loc":{"start":{"line":6,"column":4},"end":{"line":9,"column":57}},"type":"binary-expr","locations":[{"start":{"line":6,"column":4},"end":{"line":6,"column":14}},{"start":{"line":7,"column":5},"end":{"line":7,"column":52}},{"start":{"line":8,"column":5},"end":{"line":8,"column":53}},{"start":{"line":9,"column":5},"end":{"line":9,"column":56}}],"line":6}},"s":{"0":0,"1":0,"2":0,"3":0},"f":{"0":0},"b":{"0":[0],"1":[0,0],"2":[0,0,0,0]}}
,"/home/paul-sandjong/openimis/openimis-fe_js/src/helpers/store.js": {"path":"/home/paul-sandjong/openimis/openimis-fe_js/src/helpers/store.js","statementMap":{"0":{"start":{"line":6,"column":23},"end":{"line":6,"column":34}},"1":{"start":{"line":9,"column":2},"end":{"line":13,"column":13}},"2":{"start":{"line":15,"column":14},"end":{"line":20,"column":3}},"3":{"start":{"line":16,"column":2},"end":{"line":20,"column":3}}},"fnMap":{"0":{"name":"(anonymous_0)","decl":{"start":{"line":15,"column":14},"end":{"line":15,"column":15}},"loc":{"start":{"line":16,"column":2},"end":{"line":20,"column":3}},"line":16}},"branchMap":{"0":{"loc":{"start":{"line":9,"column":2},"end":{"line":13,"column":13}},"type":"cond-expr","locations":[{"start":{"line":10,"column":6},"end":{"line":12,"column":8}},{"start":{"line":13,"column":6},"end":{"line":13,"column":13}}],"line":9},"1":{"loc":{"start":{"line":9,"column":2},"end":{"line":9,"column":117}},"type":"binary-expr","locations":[{"start":{"line":9,"column":2},"end":{"line":9,"column":40}},{"start":{"line":9,"column":44},"end":{"line":9,"column":70}},{"start":{"line":9,"column":74},"end":{"line":9,"column":117}}],"line":9},"2":{"loc":{"start":{"line":15,"column":25},"end":{"line":15,"column":41}},"type":"default-arg","locations":[{"start":{"line":15,"column":39},"end":{"line":15,"column":41}}],"line":15}},"s":{"0":0,"1":0,"2":0,"3":0},"f":{"0":0},"b":{"0":[0,0],"1":[0,0,0],"2":[0]}}
,"/home/paul-sandjong/openimis/openimis-fe_js/src/helpers/theme.js": {"path":"/home/paul-sandjong/openimis/openimis-fe_js/src/helpers/theme.js","statementMap":{"0":{"start":{"line":4,"column":22},"end":{"line":17,"column":1}},"1":{"start":{"line":19,"column":23},"end":{"line":251,"column":1}},"2":{"start":{"line":32,"column":6},"end":{"line":32,"column":45}},"3":{"start":{"line":33,"column":2},"end":{"line":250,"column":5}}},"fnMap":{"0":{"name":"(anonymous_0)","decl":{"start":{"line":19,"column":23},"end":{"line":19,"column":24}},"loc":{"start":{"line":19,"column":48},"end":{"line":251,"column":1}},"line":19}},"branchMap":{"0":{"loc":{"start":{"line":19,"column":24},"end":{"line":19,"column":43}},"type":"default-arg","locations":[{"start":{"line":19,"column":41},"end":{"line":19,"column":43}}],"line":19}},"s":{"0":0,"1":0,"2":0,"3":0},"f":{"0":0},"b":{"0":[0]}}
}
